====================================================
ESR UNDERWRITING TRACE
======================
Case ID: 60
Tenant: 5
Product: LAP
Generated At: 2026-05-30 19:05:19

====================================================
INPUT SNAPSHOT
==============
Selected Monthly Income: ₹6,23,622.84
Property Value: ₹4,00,00,000
Property Type: Residential — House / Flat
Occupancy: Vacant
Product Type: LAP
Income Method: BANKING
Primary CIBIL: 755
Lowest CIBIL: 755
Total Obligations: 1
Total EMI: ₹0
Lenders Evaluated: 3


====================================================
LENDER: ICICI BANK
SCHEME: SALARIED
====================================================

---
## PARAMETER MAP
Duration: 101ms

lap_max_loan: No Capping
bureau_name: CIBIL
lap_roi_min: 8.25%
lap_roi_max: 8.5%
lap_pf_min: 0.50%
lap_pf_max: 1%
age_maturity_non_income: 75
bureau_cutoff: 700
lap_ltv_res_self: 70%
lap_ltv_res_rented: 70%
lap_ltv_res_vacant: 70%
lap_ltv_com_self: 70%
lap_ltv_com_rented: 70%
lap_ltv_com_vacant: 70%
lap_ltv_ind_self: 40%
lap_ltv_ind_rented: 40%
lap_ltv_mix_self: 70%
lap_ltv_mix_rented: 70%
lap_ltv_mix_vacant: 70%
lap_ltv_plot_self: 40%
lap_ltv_plot_rented: 40%
lap_ltv_plot_vacant: 40%
lap_ltv_special: 50%
lap_min_loan: 1000000
lap_max_tenure: 180 Months
age_maturity_income: 60
lap_dbr_foir: <75k -60%, >75k - 70%
hl_dbr_foir: 
lap_ltv_ind_vacant: MANUAL_REVIEW_REQUIRED
elig_rental_bank: MANUAL_REVIEW_REQUIRED
elig_rental_cash: MANUAL_REVIEW_REQUIRED
elig_agri_itr: MANUAL_REVIEW_REQUIRED
dbr_rental_bank: MANUAL_REVIEW_REQUIRED
dbr_rental_cash: MANUAL_REVIEW_REQUIRED
dbr_agri_itr: MANUAL_REVIEW_REQUIRED
existing_obligation: MANUAL_REVIEW_REQUIRED

[PARSER] parseIntegerSafe for bureau_cutoff
  Raw Type:        string
  Raw Value:       "700"
  Status:          OK
  Normalized:      700
  Note:            Legacy string parsing used

---
## BUREAU CHECK
Duration: 1ms

PASS — Effective CIBIL 755 >= Cutoff 700

---
## STEP 1-2 — INCOME COMPOSITION
Duration: 4ms

Primary Income:       ₹6,23,622.84
Rental (Bank):        ₹0
Agri Income:          ₹0
Other Income:         ₹0
Total Eligible:       ₹6,23,622.84
Breakdown:            []

[PARSER] parseDynamicFoir for lap_dbr_foir
  Raw Type:        string
  Raw Value:       "<75k -60%, >75k - 70%"
  Status:          OK
  Normalized:      0.7
  Note:            Legacy slab string dynamically converted

---
## STEP 3 — FOIR RESOLUTION
Duration: 2ms

Raw FOIR Param:       "<75k -60%, >75k - 70%"
FOIR Allowed %:       70.00%
Skip FOIR Check:      false
Conditional Flags:    None

---
## STEP 4 — NET OBLIGATIONS
Duration: 0ms

Obligation Rule:      "MANUAL_REVIEW_REQUIRED"
Exclusion Months:     0
Total Obligations:    1
Excluded:             None
Net Obligations EMI:  ₹0

[PARSER] parseTenureSafe for lap_max_tenure
  Raw Type:        string
  Raw Value:       "180 Months"
  Status:          OK
  Normalized:      180
  Note:            Legacy string parsing used

---
## STEP 5 — TENURE RESOLUTION
Duration: 1ms

Lender Max Tenure:    180 months
Age-Based Limit:      No restriction
Final Tenure Used:    180 months

[PARSER] parsePercentSafe for lap_roi_min
  Raw Type:        string
  Raw Value:       "8.25%"
  Status:          OK
  Normalized:      0.0825
  Note:            Legacy string parsing used

[PARSER] parsePercentSafe for lap_roi_max
  Raw Type:        string
  Raw Value:       "8.5%"
  Status:          OK
  Normalized:      0.085
  Note:            Legacy string parsing used

---
## STEP 6 — ROI RESOLUTION
Duration: 1ms

ROI Min:              8.25%
ROI Max:              8.5%
Underwriting ROI:     8.5% (roi_max preferred)

STEP 7 — ELIGIBLE EMI CAPACITY:

Formula:
(FOIR% × Income) − Obligations

Calculation:
(70.0% × ₹6,23,622.84) − ₹0

= ₹4,36,535.988

STEP 8 — FOIR-BASED LOAN ELIGIBILITY:

Formula:
Reverse EMI: EMI, ROI, Tenure → Loan Amount

Calculation:
EMI=₹4,36,535.988 | ROI=8.5% | Tenure=180m

= ₹4,43,30,096

[PARSER] parsePercentSafe for lap_ltv_res_vacant
  Raw Type:        string
  Raw Value:       "70%"
  Status:          OK
  Normalized:      0.7
  Note:            Legacy string parsing used

---
## STEP 9 — LTV EVALUATION
Duration: 1ms

Property Value:       ₹4,00,00,000
Property Type:        Residential — House / Flat
Occupancy:            Vacant
LTV Param Key:        lap_ltv_res_vacant
LTV %:                70%
LTV Eligible Loan:    ₹2,80,00,000

STEP 10 — FINAL ELIGIBILITY:

Formula:
MIN of valid candidates: [FOIR Eligibility, LTV Eligibility, Product Max Loan, Requested Loan, NWM Cap]

Calculation:
Candidates: [₹4,43,30,096, ₹2,80,00,000, No Product Cap, No Requested Cap]

= ₹2,80,00,000

FOIR ACTUAL:

Formula:
(Existing Obligations + Proposed EMI) / Eligible Monthly Income

Calculation:
(₹0 + ₹2,75,727) / ₹6,23,622.84

= 44.21%

[SUCCESS] ELIGIBLE — ₹2,80,00,000 @ 8.5% ROI for 180m


====================================================
LENDER: ICICI BANK
SCHEME: NET PROFIT METHOD
====================================================

---
## PARAMETER MAP
Duration: 3ms

bureau_name: CIBIL
lap_ltv_com_vacant: 70%
lap_max_loan: No Capping
lap_roi_min: 8.25%
lap_roi_max: 8.5%
lap_pf_min: 0.50%
lap_pf_max: 1%
age_maturity_non_income: 75
bureau_cutoff: 700
lap_ltv_res_self: 70%
lap_ltv_res_rented: 70%
lap_ltv_res_vacant: 70%
lap_ltv_com_self: 70%
lap_ltv_com_rented: 70%
lap_ltv_ind_vacant: MANUAL_REVIEW_REQUIRED
elig_rental_bank: MANUAL_REVIEW_REQUIRED
elig_rental_cash: MANUAL_REVIEW_REQUIRED
elig_agri_itr: MANUAL_REVIEW_REQUIRED
dbr_rental_bank: MANUAL_REVIEW_REQUIRED
dbr_rental_cash: MANUAL_REVIEW_REQUIRED
dbr_agri_itr: MANUAL_REVIEW_REQUIRED
existing_obligation: MANUAL_REVIEW_REQUIRED
age_maturity_income: MANUAL_REVIEW_REQUIRED
lap_ltv_plot_self: 40%
lap_ltv_plot_rented: 40%
lap_ltv_ind_self: 40%
lap_ltv_ind_rented: 40%
lap_ltv_mix_self: 70%
lap_ltv_mix_rented: 70%
lap_ltv_mix_vacant: 70%
lap_ltv_plot_vacant: 40%
lap_ltv_special: 50%
lap_min_loan: 1000000
lap_max_tenure: 180 Months
lap_dbr_foir: Max 100% (Double whammy - 140%)
npm_depreciation_fraction: 66.67%

[PARSER] parseIntegerSafe for bureau_cutoff
  Raw Type:        string
  Raw Value:       "700"
  Status:          OK
  Normalized:      700
  Note:            Legacy string parsing used

---
## BUREAU CHECK
Duration: 0ms

PASS — Effective CIBIL 755 >= Cutoff 700

---
## STEP 1-2 — INCOME COMPOSITION
Duration: 1ms

Primary Income:       ₹1,22,439.994
Rental (Bank):        ₹0
Agri Income:          ₹0
Other Income:         ₹0
Total Eligible:       ₹1,22,439.994
Breakdown:            []

[PARSER] parseDynamicFoir for lap_dbr_foir
  Raw Type:        string
  Raw Value:       "Max 100% (Double whammy - 140%)"
  Status:          OK
  Normalized:      {"type":"conditional_foir","base_limit":100,"special_program":"double_wammy","special_limit":140,"requires_manual_underwriting":true}

---
## STEP 3 — FOIR RESOLUTION
Duration: 0ms

Raw FOIR Param:       "Max 100% (Double whammy - 140%)"
FOIR Allowed %:       100.00%
Skip FOIR Check:      false
Conditional Flags:    {"type":"conditional_foir","base_limit":100,"special_program":"double_wammy","special_limit":140,"requires_manual_underwriting":true}

---
## STEP 4 — NET OBLIGATIONS
Duration: 1ms

Obligation Rule:      "MANUAL_REVIEW_REQUIRED"
Exclusion Months:     0
Total Obligations:    1
Excluded:             None
Net Obligations EMI:  ₹0

[PARSER] parseTenureSafe for lap_max_tenure
  Raw Type:        string
  Raw Value:       "180 Months"
  Status:          OK
  Normalized:      180
  Note:            Legacy string parsing used

---
## STEP 5 — TENURE RESOLUTION
Duration: 0ms

Lender Max Tenure:    180 months
Age-Based Limit:      No restriction
Final Tenure Used:    180 months

[PARSER] parsePercentSafe for lap_roi_min
  Raw Type:        string
  Raw Value:       "8.25%"
  Status:          OK
  Normalized:      0.0825
  Note:            Legacy string parsing used

[PARSER] parsePercentSafe for lap_roi_max
  Raw Type:        string
  Raw Value:       "8.5%"
  Status:          OK
  Normalized:      0.085
  Note:            Legacy string parsing used

---
## STEP 6 — ROI RESOLUTION
Duration: 0ms

ROI Min:              8.25%
ROI Max:              8.5%
Underwriting ROI:     8.5% (roi_max preferred)

STEP 7 — ELIGIBLE EMI CAPACITY:

Formula:
(FOIR% × Income) − Obligations

Calculation:
(100.0% × ₹1,22,439.994) − ₹0

= ₹1,22,439.994

STEP 8 — FOIR-BASED LOAN ELIGIBILITY:

Formula:
Reverse EMI: EMI, ROI, Tenure → Loan Amount

Calculation:
EMI=₹1,22,439.994 | ROI=8.5% | Tenure=180m

= ₹1,24,33,744

[PARSER] parsePercentSafe for lap_ltv_res_vacant
  Raw Type:        string
  Raw Value:       "70%"
  Status:          OK
  Normalized:      0.7
  Note:            Legacy string parsing used

---
## STEP 9 — LTV EVALUATION
Duration: 0ms

Property Value:       ₹4,00,00,000
Property Type:        Residential — House / Flat
Occupancy:            Vacant
LTV Param Key:        lap_ltv_res_vacant
LTV %:                70%
LTV Eligible Loan:    ₹2,80,00,000

STEP 10 — FINAL ELIGIBILITY:

Formula:
MIN of valid candidates: [FOIR Eligibility, LTV Eligibility, Product Max Loan, Requested Loan, NWM Cap]

Calculation:
Candidates: [₹1,24,33,744, ₹2,80,00,000, No Product Cap, No Requested Cap]

= ₹1,24,33,744

FOIR ACTUAL:

Formula:
(Existing Obligations + Proposed EMI) / Eligible Monthly Income

Calculation:
(₹0 + ₹1,22,440) / ₹1,22,439.994

= 100.00%

[SUCCESS] ELIGIBLE — ₹1,24,33,744 @ 8.5% ROI for 180m


====================================================
LENDER: ICICI BANK
SCHEME: BANKING
====================================================

---
## PARAMETER MAP
Duration: 2ms

bureau_name: CIBIL
lap_ltv_ind_vacant: MANUAL_REVIEW_REQUIRED
elig_rental_bank: MANUAL_REVIEW_REQUIRED
elig_rental_cash: MANUAL_REVIEW_REQUIRED
elig_agri_itr: MANUAL_REVIEW_REQUIRED
dbr_rental_bank: MANUAL_REVIEW_REQUIRED
dbr_rental_cash: MANUAL_REVIEW_REQUIRED
dbr_agri_itr: MANUAL_REVIEW_REQUIRED
existing_obligation: MANUAL_REVIEW_REQUIRED
lap_max_loan: No Capping
lap_roi_min: 8.25%
lap_roi_max: 8.5%
lap_pf_min: 0.50%
lap_pf_max: 1%
age_maturity_non_income: 75
bureau_cutoff: 700
lap_ltv_res_self: 70%
lap_ltv_res_rented: 70%
lap_ltv_res_vacant: 70%
lap_ltv_com_self: 70%
lap_ltv_com_rented: 70%
lap_ltv_com_vacant: 70%
lap_ltv_ind_self: 40%
lap_ltv_ind_rented: 40%
lap_ltv_mix_self: 70%
lap_ltv_mix_rented: 70%
lap_ltv_mix_vacant: 70%
lap_ltv_plot_self: 40%
lap_ltv_plot_rented: 40%
lap_ltv_plot_vacant: 40%
lap_ltv_special: 50%
lap_min_loan: 1000000
lap_max_tenure: 180 Months
age_maturity_income: 75
lap_dbr_foir: No DBR
banking_abb_multiplier: 2

[PARSER] parseIntegerSafe for bureau_cutoff
  Raw Type:        string
  Raw Value:       "700"
  Status:          OK
  Normalized:      700
  Note:            Legacy string parsing used

---
## BUREAU CHECK
Duration: 0ms

PASS — Effective CIBIL 755 >= Cutoff 700

---
## STEP 1-2 — INCOME COMPOSITION
Duration: 1ms

Primary Income:       ₹6,23,622.84
Rental (Bank):        ₹0
Agri Income:          ₹0
Other Income:         ₹0
Total Eligible:       ₹6,23,622.84
Breakdown:            []

[PARSER] parseDynamicFoir for lap_dbr_foir
  Raw Type:        string
  Raw Value:       "No DBR"
  Status:          OK
  Normalized:      {"type":"no_dbr","skip_foir_check":true}

---
## STEP 3 — FOIR RESOLUTION
Duration: 0ms

Raw FOIR Param:       "No DBR"
FOIR Allowed %:       N/A
Skip FOIR Check:      true
Conditional Flags:    None

---
## STEP 4 — NET OBLIGATIONS
Duration: 0ms

Obligation Rule:      "MANUAL_REVIEW_REQUIRED"
Exclusion Months:     0
Total Obligations:    1
Excluded:             None
Net Obligations EMI:  ₹0

[PARSER] parseTenureSafe for lap_max_tenure
  Raw Type:        string
  Raw Value:       "180 Months"
  Status:          OK
  Normalized:      180
  Note:            Legacy string parsing used

---
## STEP 5 — TENURE RESOLUTION
Duration: 0ms

Lender Max Tenure:    180 months
Age-Based Limit:      No restriction
Final Tenure Used:    180 months

[PARSER] parsePercentSafe for lap_roi_min
  Raw Type:        string
  Raw Value:       "8.25%"
  Status:          OK
  Normalized:      0.0825
  Note:            Legacy string parsing used

[PARSER] parsePercentSafe for lap_roi_max
  Raw Type:        string
  Raw Value:       "8.5%"
  Status:          OK
  Normalized:      0.085
  Note:            Legacy string parsing used

---
## STEP 6 — ROI RESOLUTION
Duration: 0ms

ROI Min:              8.25%
ROI Max:              8.5%
Underwriting ROI:     8.5% (roi_max preferred)

---
## STEP 7 — ELIGIBLE EMI CAPACITY
Duration: 0ms

No DBR policy — EMI capacity is UNCAPPED

STEP 8 — FOIR-BASED LOAN ELIGIBILITY (No DBR):

Formula:
Income × Months Multiplier (No DBR policy)

Calculation:
₹6,23,622.84 × 60 months

= ₹3,74,17,370.4

[PARSER] parsePercentSafe for lap_ltv_res_vacant
  Raw Type:        string
  Raw Value:       "70%"
  Status:          OK
  Normalized:      0.7
  Note:            Legacy string parsing used

---
## STEP 9 — LTV EVALUATION
Duration: 1ms

Property Value:       ₹4,00,00,000
Property Type:        Residential — House / Flat
Occupancy:            Vacant
LTV Param Key:        lap_ltv_res_vacant
LTV %:                70%
LTV Eligible Loan:    ₹2,80,00,000

STEP 10 — FINAL ELIGIBILITY:

Formula:
MIN of valid candidates: [FOIR Eligibility, LTV Eligibility, Product Max Loan, Requested Loan, NWM Cap]

Calculation:
Candidates: [₹3,74,17,370.4, ₹2,80,00,000, No Product Cap, No Requested Cap]

= ₹2,80,00,000

FOIR ACTUAL:

Formula:
(Existing Obligations + Proposed EMI) / Eligible Monthly Income

Calculation:
(₹0 + ₹2,75,727) / ₹6,23,622.84

= 44.21%

[SUCCESS] ELIGIBLE — ₹2,80,00,000 @ 8.5% ROI for 180m


====================================================
LENDER: ICICI BANK
SCHEME: GST
====================================================

---
## PARAMETER MAP
Duration: 2ms

bureau_name: CIBIL
lap_ltv_ind_vacant: MANUAL_REVIEW_REQUIRED
elig_rental_bank: MANUAL_REVIEW_REQUIRED
elig_rental_cash: MANUAL_REVIEW_REQUIRED
elig_agri_itr: MANUAL_REVIEW_REQUIRED
dbr_rental_bank: MANUAL_REVIEW_REQUIRED
dbr_rental_cash: MANUAL_REVIEW_REQUIRED
dbr_agri_itr: MANUAL_REVIEW_REQUIRED
existing_obligation: MANUAL_REVIEW_REQUIRED
lap_max_loan: No Capping
lap_roi_min: 8.25%
lap_roi_max: 8.5%
lap_pf_min: 0.50%
lap_pf_max: 1%
age_maturity_non_income: 75
bureau_cutoff: 700
lap_ltv_res_self: 70%
lap_ltv_res_rented: 70%
lap_ltv_res_vacant: 70%
lap_ltv_com_self: 70%
lap_ltv_com_rented: 70%
lap_ltv_com_vacant: 70%
lap_ltv_ind_self: 40%
lap_ltv_ind_rented: 40%
lap_ltv_mix_self: 70%
lap_ltv_mix_rented: 70%
lap_ltv_mix_vacant: 70%
lap_ltv_plot_self: 40%
lap_ltv_plot_rented: 40%
lap_ltv_plot_vacant: 40%
lap_ltv_special: 50%
lap_min_loan: 1000000
lap_max_tenure: 180 Months
age_maturity_income: 75
lap_dbr_foir: Max 100% (Double whammy - 140%)
gst_industry_margin: 10%

[PARSER] parseIntegerSafe for bureau_cutoff
  Raw Type:        string
  Raw Value:       "700"
  Status:          OK
  Normalized:      700
  Note:            Legacy string parsing used

---
## BUREAU CHECK
Duration: 0ms

PASS — Effective CIBIL 755 >= Cutoff 700

---
## STEP 1-2 — INCOME COMPOSITION
Duration: 0ms

Primary Income:       ₹1,45,270.008
Rental (Bank):        ₹0
Agri Income:          ₹0
Other Income:         ₹0
Total Eligible:       ₹1,45,270.008
Breakdown:            []

[PARSER] parseDynamicFoir for lap_dbr_foir
  Raw Type:        string
  Raw Value:       "Max 100% (Double whammy - 140%)"
  Status:          OK
  Normalized:      {"type":"conditional_foir","base_limit":100,"special_program":"double_wammy","special_limit":140,"requires_manual_underwriting":true}

---
## STEP 3 — FOIR RESOLUTION
Duration: 0ms

Raw FOIR Param:       "Max 100% (Double whammy - 140%)"
FOIR Allowed %:       100.00%
Skip FOIR Check:      false
Conditional Flags:    {"type":"conditional_foir","base_limit":100,"special_program":"double_wammy","special_limit":140,"requires_manual_underwriting":true}

---
## STEP 4 — NET OBLIGATIONS
Duration: 0ms

Obligation Rule:      "MANUAL_REVIEW_REQUIRED"
Exclusion Months:     0
Total Obligations:    1
Excluded:             None
Net Obligations EMI:  ₹0

[PARSER] parseTenureSafe for lap_max_tenure
  Raw Type:        string
  Raw Value:       "180 Months"
  Status:          OK
  Normalized:      180
  Note:            Legacy string parsing used

---
## STEP 5 — TENURE RESOLUTION
Duration: 0ms

Lender Max Tenure:    180 months
Age-Based Limit:      No restriction
Final Tenure Used:    180 months

[PARSER] parsePercentSafe for lap_roi_min
  Raw Type:        string
  Raw Value:       "8.25%"
  Status:          OK
  Normalized:      0.0825
  Note:            Legacy string parsing used

[PARSER] parsePercentSafe for lap_roi_max
  Raw Type:        string
  Raw Value:       "8.5%"
  Status:          OK
  Normalized:      0.085
  Note:            Legacy string parsing used

---
## STEP 6 — ROI RESOLUTION
Duration: 0ms

ROI Min:              8.25%
ROI Max:              8.5%
Underwriting ROI:     8.5% (roi_max preferred)

STEP 7 — ELIGIBLE EMI CAPACITY:

Formula:
(FOIR% × Income) − Obligations

Calculation:
(100.0% × ₹1,45,270.008) − ₹0

= ₹1,45,270.008

STEP 8 — FOIR-BASED LOAN ELIGIBILITY:

Formula:
Reverse EMI: EMI, ROI, Tenure → Loan Amount

Calculation:
EMI=₹1,45,270.008 | ROI=8.5% | Tenure=180m

= ₹1,47,52,125

[PARSER] parsePercentSafe for lap_ltv_res_vacant
  Raw Type:        string
  Raw Value:       "70%"
  Status:          OK
  Normalized:      0.7
  Note:            Legacy string parsing used

---
## STEP 9 — LTV EVALUATION
Duration: 1ms

Property Value:       ₹4,00,00,000
Property Type:        Residential — House / Flat
Occupancy:            Vacant
LTV Param Key:        lap_ltv_res_vacant
LTV %:                70%
LTV Eligible Loan:    ₹2,80,00,000

STEP 10 — FINAL ELIGIBILITY:

Formula:
MIN of valid candidates: [FOIR Eligibility, LTV Eligibility, Product Max Loan, Requested Loan, NWM Cap]

Calculation:
Candidates: [₹1,47,52,125, ₹2,80,00,000, No Product Cap, No Requested Cap]

= ₹1,47,52,125

FOIR ACTUAL:

Formula:
(Existing Obligations + Proposed EMI) / Eligible Monthly Income

Calculation:
(₹0 + ₹1,45,270) / ₹1,45,270.008

= 100.00%

[SUCCESS] ELIGIBLE — ₹1,47,52,125 @ 8.5% ROI for 180m


====================================================
LENDER: ICICI BANK
SCHEME: GRP
====================================================

---
## PARAMETER MAP
Duration: 2ms

bureau_name: CIBIL
dbr_rental_bank: MANUAL_REVIEW_REQUIRED
dbr_rental_cash: MANUAL_REVIEW_REQUIRED
dbr_agri_itr: MANUAL_REVIEW_REQUIRED
lap_ltv_ind_vacant: MANUAL_REVIEW_REQUIRED
elig_rental_bank: MANUAL_REVIEW_REQUIRED
elig_rental_cash: MANUAL_REVIEW_REQUIRED
elig_agri_itr: MANUAL_REVIEW_REQUIRED
existing_obligation: MANUAL_REVIEW_REQUIRED
lap_max_loan: No Capping
lap_roi_min: 8.25%
lap_roi_max: 8.5%
lap_pf_min: 0.50%
lap_pf_max: 1%
age_maturity_non_income: 75
bureau_cutoff: 700
lap_ltv_res_self: 70%
lap_ltv_res_rented: 70%
lap_ltv_res_vacant: 70%
lap_ltv_com_self: 70%
lap_ltv_com_rented: 70%
lap_ltv_com_vacant: 70%
lap_ltv_ind_self: 40%
lap_ltv_ind_rented: 40%
lap_ltv_mix_self: 70%
lap_ltv_mix_rented: 70%
lap_ltv_mix_vacant: 70%
lap_ltv_plot_self: 40%
lap_ltv_plot_rented: 40%
lap_ltv_plot_vacant: 40%
lap_ltv_special: 50%
lap_min_loan: 1000000
lap_max_tenure: 180 Months
age_maturity_income: 75
lap_dbr_foir: No DBR
grp_annual_receipts_multiplier: 4

[PARSER] parseIntegerSafe for bureau_cutoff
  Raw Type:        string
  Raw Value:       "700"
  Status:          OK
  Normalized:      700
  Note:            Legacy string parsing used

---
## BUREAU CHECK
Duration: 0ms

PASS — Effective CIBIL 755 >= Cutoff 700

---
## STEP 1-2 — INCOME COMPOSITION
Duration: 0ms

Primary Income:       ₹0
Rental (Bank):        ₹0
Agri Income:          ₹0
Other Income:         ₹0
Total Eligible:       ₹0
Breakdown:            []

[PARSER] parseDynamicFoir for lap_dbr_foir
  Raw Type:        string
  Raw Value:       "No DBR"
  Status:          OK
  Normalized:      {"type":"no_dbr","skip_foir_check":true}

---
## STEP 3 — FOIR RESOLUTION
Duration: 0ms

Raw FOIR Param:       "No DBR"
FOIR Allowed %:       N/A
Skip FOIR Check:      true
Conditional Flags:    None

---
## STEP 4 — NET OBLIGATIONS
Duration: 0ms

Obligation Rule:      "MANUAL_REVIEW_REQUIRED"
Exclusion Months:     0
Total Obligations:    1
Excluded:             None
Net Obligations EMI:  ₹0

[PARSER] parseTenureSafe for lap_max_tenure
  Raw Type:        string
  Raw Value:       "180 Months"
  Status:          OK
  Normalized:      180
  Note:            Legacy string parsing used

---
## STEP 5 — TENURE RESOLUTION
Duration: 1ms

Lender Max Tenure:    180 months
Age-Based Limit:      No restriction
Final Tenure Used:    180 months

[PARSER] parsePercentSafe for lap_roi_min
  Raw Type:        string
  Raw Value:       "8.25%"
  Status:          OK
  Normalized:      0.0825
  Note:            Legacy string parsing used

[PARSER] parsePercentSafe for lap_roi_max
  Raw Type:        string
  Raw Value:       "8.5%"
  Status:          OK
  Normalized:      0.085
  Note:            Legacy string parsing used

---
## STEP 6 — ROI RESOLUTION
Duration: 0ms

ROI Min:              8.25%
ROI Max:              8.5%
Underwriting ROI:     8.5% (roi_max preferred)

---
## STEP 7 — ELIGIBLE EMI CAPACITY
Duration: 0ms

No DBR policy — EMI capacity is UNCAPPED

STEP 8 — GRP DIRECT LOAN ELIGIBILITY:

Formula:
(Gross Receipts × Multiplier) − ICICI Exposure

Calculation:
(₹62,66,702 × 4) − ₹0

= ₹2,50,66,808

[PARSER] parsePercentSafe for lap_ltv_res_vacant
  Raw Type:        string
  Raw Value:       "70%"
  Status:          OK
  Normalized:      0.7
  Note:            Legacy string parsing used

---
## STEP 9 — LTV EVALUATION
Duration: 0ms

Property Value:       ₹4,00,00,000
Property Type:        Residential — House / Flat
Occupancy:            Vacant
LTV Param Key:        lap_ltv_res_vacant
LTV %:                70%
LTV Eligible Loan:    ₹2,80,00,000

STEP 10 — FINAL ELIGIBILITY:

Formula:
MIN of valid candidates: [FOIR Eligibility, LTV Eligibility, Product Max Loan, Requested Loan, NWM Cap]

Calculation:
Candidates: [₹2,50,66,808, ₹2,80,00,000, No Product Cap, No Requested Cap]

= ₹2,50,66,808

FOIR ACTUAL:

Formula:
(Existing Obligations + Proposed EMI) / Eligible Monthly Income

Calculation:
(₹0 + ₹2,46,843) / ₹0

= 0.00%

[SUCCESS] ELIGIBLE — ₹2,50,66,808 @ 8.5% ROI for 180m


====================================================
LENDER: ICICI BANK
SCHEME: LIP
====================================================

---
## PARAMETER MAP
Duration: 1ms

dbr_rental_bank: 
dbr_rental_cash: 

[PARSER] parseIntegerSafe for bureau_cutoff
  Raw Type:        null
  Raw Value:       "null"
  Status:          CONFIG_MISSING (no lender value configured)

---
## BUREAU CHECK
Duration: 1ms

No bureau cutoff configured — Effective CIBIL: 755

---
## STEP 1-2 — INCOME COMPOSITION
Duration: 0ms

Primary Income:       ₹6,23,622.84
Rental (Bank):        ₹0
Agri Income:          ₹0
Other Income:         ₹0
Total Eligible:       ₹6,23,622.84
Breakdown:            []

[PARSER] parseDynamicFoir for lap_dbr_foir
  Raw Type:        null
  Raw Value:       "undefined"
  Status:          CONFIG_MISSING (no lender value configured)

---
## STEP 3 — FOIR RESOLUTION
Duration: 0ms

Raw FOIR Param:       "N/A"
FOIR Allowed %:       N/A
Skip FOIR Check:      false
Conditional Flags:    None

[FAILURE: CONFIG_MISSING] FOIR = null and skip_foir_check = false — cannot underwrite

---
## STEP 4 — NET OBLIGATIONS
Duration: 0ms

Obligation Rule:      "N/A"
Exclusion Months:     0
Total Obligations:    1
Excluded:             None
Net Obligations EMI:  ₹0

[PARSER] parseTenureSafe for lap_max_tenure
  Raw Type:        null
  Raw Value:       "null"
  Status:          CONFIG_MISSING (no lender value configured)

---
## STEP 5 — TENURE RESOLUTION
Duration: 0ms

Lender Max Tenure:    N/A months
Age-Based Limit:      No restriction
Final Tenure Used:    0 months

[PARSER] parsePercentSafe for lap_roi_min
  Raw Type:        null
  Raw Value:       "null"
  Status:          CONFIG_MISSING (no lender value configured)

[PARSER] parsePercentSafe for lap_roi_max
  Raw Type:        null
  Raw Value:       "null"
  Status:          CONFIG_MISSING (no lender value configured)

---
## STEP 6 — ROI RESOLUTION
Duration: 0ms

ROI Min:              N/A%
ROI Max:              N/A%
Underwriting ROI:     0% (roi_max preferred)

[FAILURE: CONFIG_MISSING] ROI = 0 — scheme cannot be underwritten

[FAILURE: CONFIG_MISSING] Tenure = 0 months — scheme cannot be underwritten

[WARNING] STEP 7 — ELIGIBLE EMI CAPACITY: Could not calculate (missing FOIR% or income)

[WARNING] STEP 8 — FOIR-BASED LOAN: Could not calculate (zero EMI capacity, ROI or tenure)

[PARSER] parsePercentSafe for lap_ltv_res_vacant
  Raw Type:        null
  Raw Value:       "null"
  Status:          CONFIG_MISSING (no lender value configured)

---
## STEP 9 — LTV EVALUATION
Duration: 0ms

Property Value:       ₹4,00,00,000
Property Type:        Residential — House / Flat
Occupancy:            Vacant
LTV Param Key:        lap_ltv_res_vacant
LTV %:                N/A
LTV Eligible Loan:    N/A

STEP 10 — FINAL ELIGIBILITY:

Formula:
MIN of valid candidates: [FOIR Eligibility, LTV Eligibility, Product Max Loan, Requested Loan, NWM Cap]

Calculation:
Candidates: [₹0, N/A (no property/LTV), No Product Cap, No Requested Cap]

= ₹0

FOIR ACTUAL:

Formula:
(Existing Obligations + Proposed EMI) / Eligible Monthly Income

Calculation:
(₹0 + ₹0) / ₹6,23,622.84

= 0.00%

[FAILURE: INELIGIBLE] Missing required lender configuration for bureau_cutoff

[FAILURE: INELIGIBLE] Missing required lender configuration for lap_min_loan

[FAILURE: INELIGIBLE] Missing required lender configuration for lap_dbr_foir

[FAILURE: INELIGIBLE] FOIR/DBR not configured or could not be resolved for this scheme.

[FAILURE: INELIGIBLE] Missing required lender configuration for lap_max_tenure

[FAILURE: INELIGIBLE] Missing required lender configuration for lap_roi_min

[FAILURE: INELIGIBLE] Missing required lender configuration for lap_roi_max

[FAILURE: INELIGIBLE] No valid ROI configured for this scheme. Cannot calculate loan eligibility.

[FAILURE: INELIGIBLE] No valid tenure configured for this scheme. Cannot calculate loan eligibility.

[FAILURE: INELIGIBLE] Missing required lender configuration for lap_pf_min

[FAILURE: INELIGIBLE] Missing required lender configuration for lap_pf_max

[FAILURE: INELIGIBLE] Missing required lender configuration for lap_ltv_res_vacant


====================================================
LENDER: ICICI BANK
SCHEME: LOW LTV
====================================================

---
## PARAMETER MAP
Duration: 2ms

[PARSER] parseIntegerSafe for bureau_cutoff
  Raw Type:        null
  Raw Value:       "null"
  Status:          CONFIG_MISSING (no lender value configured)

---
## BUREAU CHECK
Duration: 0ms

No bureau cutoff configured — Effective CIBIL: 755

---
## STEP 1-2 — INCOME COMPOSITION
Duration: 1ms

Primary Income:       ₹6,23,622.84
Rental (Bank):        ₹0
Agri Income:          ₹0
Other Income:         ₹0
Total Eligible:       ₹6,23,622.84
Breakdown:            []

[PARSER] parseDynamicFoir for lap_dbr_foir
  Raw Type:        null
  Raw Value:       "undefined"
  Status:          CONFIG_MISSING (no lender value configured)

---
## STEP 3 — FOIR RESOLUTION
Duration: 0ms

Raw FOIR Param:       "N/A"
FOIR Allowed %:       N/A
Skip FOIR Check:      false
Conditional Flags:    None

[FAILURE: CONFIG_MISSING] FOIR = null and skip_foir_check = false — cannot underwrite

---
## STEP 4 — NET OBLIGATIONS
Duration: 0ms

Obligation Rule:      "N/A"
Exclusion Months:     0
Total Obligations:    1
Excluded:             None
Net Obligations EMI:  ₹0

[PARSER] parseTenureSafe for lap_max_tenure
  Raw Type:        null
  Raw Value:       "null"
  Status:          CONFIG_MISSING (no lender value configured)

---
## STEP 5 — TENURE RESOLUTION
Duration: 0ms

Lender Max Tenure:    N/A months
Age-Based Limit:      No restriction
Final Tenure Used:    0 months

[PARSER] parsePercentSafe for lap_roi_min
  Raw Type:        null
  Raw Value:       "null"
  Status:          CONFIG_MISSING (no lender value configured)

[PARSER] parsePercentSafe for lap_roi_max
  Raw Type:        null
  Raw Value:       "null"
  Status:          CONFIG_MISSING (no lender value configured)

---
## STEP 6 — ROI RESOLUTION
Duration: 0ms

ROI Min:              N/A%
ROI Max:              N/A%
Underwriting ROI:     0% (roi_max preferred)

[FAILURE: CONFIG_MISSING] ROI = 0 — scheme cannot be underwritten

[FAILURE: CONFIG_MISSING] Tenure = 0 months — scheme cannot be underwritten

[WARNING] STEP 7 — ELIGIBLE EMI CAPACITY: Could not calculate (missing FOIR% or income)

[WARNING] STEP 8 — FOIR-BASED LOAN: Could not calculate (zero EMI capacity, ROI or tenure)

[PARSER] parsePercentSafe for lap_ltv_res_vacant
  Raw Type:        null
  Raw Value:       "null"
  Status:          CONFIG_MISSING (no lender value configured)

---
## STEP 9 — LTV EVALUATION
Duration: 0ms

Property Value:       ₹4,00,00,000
Property Type:        Residential — House / Flat
Occupancy:            Vacant
LTV Param Key:        lap_ltv_res_vacant
LTV %:                N/A
LTV Eligible Loan:    N/A

STEP 10 — FINAL ELIGIBILITY:

Formula:
MIN of valid candidates: [FOIR Eligibility, LTV Eligibility, Product Max Loan, Requested Loan, NWM Cap]

Calculation:
Candidates: [₹0, N/A (no property/LTV), No Product Cap, No Requested Cap]

= ₹0

FOIR ACTUAL:

Formula:
(Existing Obligations + Proposed EMI) / Eligible Monthly Income

Calculation:
(₹0 + ₹0) / ₹6,23,622.84

= 0.00%

[FAILURE: INELIGIBLE] Missing required lender configuration for bureau_cutoff

[FAILURE: INELIGIBLE] Missing required lender configuration for lap_min_loan

[FAILURE: INELIGIBLE] Missing required lender configuration for lap_dbr_foir

[FAILURE: INELIGIBLE] FOIR/DBR not configured or could not be resolved for this scheme.

[FAILURE: INELIGIBLE] Missing required lender configuration for lap_max_tenure

[FAILURE: INELIGIBLE] Missing required lender configuration for lap_roi_min

[FAILURE: INELIGIBLE] Missing required lender configuration for lap_roi_max

[FAILURE: INELIGIBLE] No valid ROI configured for this scheme. Cannot calculate loan eligibility.

[FAILURE: INELIGIBLE] No valid tenure configured for this scheme. Cannot calculate loan eligibility.

[FAILURE: INELIGIBLE] Missing required lender configuration for lap_pf_min

[FAILURE: INELIGIBLE] Missing required lender configuration for lap_pf_max

[FAILURE: INELIGIBLE] Missing required lender configuration for lap_ltv_res_vacant


====================================================
LENDER: ICICI BANK
SCHEME: NET WORTH METHOD
====================================================

---
## PARAMETER MAP
Duration: 4ms

bureau_name: CIBIL
lap_ltv_res_vacant: 70%
lap_ltv_ind_vacant: MANUAL_REVIEW_REQUIRED
elig_rental_bank: MANUAL_REVIEW_REQUIRED
elig_rental_cash: MANUAL_REVIEW_REQUIRED
elig_agri_itr: MANUAL_REVIEW_REQUIRED
dbr_rental_bank: MANUAL_REVIEW_REQUIRED
dbr_rental_cash: MANUAL_REVIEW_REQUIRED
dbr_agri_itr: MANUAL_REVIEW_REQUIRED
existing_obligation: MANUAL_REVIEW_REQUIRED
lap_max_loan: No Capping
lap_roi_min: 8.25%
lap_roi_max: 8.5%
lap_pf_min: 0.50%
lap_pf_max: 1%
age_maturity_non_income: 75
bureau_cutoff: 700
lap_ltv_res_self: 70%
lap_ltv_res_rented: 70%
lap_ltv_com_self: 70%
lap_ltv_com_rented: 70%
lap_ltv_com_vacant: 70%
lap_ltv_ind_self: 40%
lap_ltv_ind_rented: 40%
lap_ltv_mix_self: 70%
lap_ltv_mix_rented: 70%
lap_ltv_mix_vacant: 70%
lap_ltv_plot_self: 40%
lap_ltv_plot_rented: 40%
lap_ltv_plot_vacant: 40%
lap_ltv_special: 50%
lap_min_loan: 1000000
lap_max_tenure: 180 Months
age_maturity_income: 75
lap_dbr_foir: Max 100% (Double whammy - 140%)

[PARSER] parseIntegerSafe for bureau_cutoff
  Raw Type:        string
  Raw Value:       "700"
  Status:          OK
  Normalized:      700
  Note:            Legacy string parsing used

---
## BUREAU CHECK
Duration: 0ms

PASS — Effective CIBIL 755 >= Cutoff 700

---
## NWM INCOME BUILD-UP
Duration: 1ms

NPM Monthly Income:           ₹1,22,439.861
Property Value Add-on @3%/12: ₹1,00,000
Financial Asset Add-on @5%/12: ₹0
Eligible Rental Bank @70%:    ₹0
Eligible Agri @50%:           ₹0
Total NWM Monthly Income:     ₹2,22,439.861

---
## NWM CUSTOMER SELECTION
Duration: 0ms

CIBIL:              755
Required threshold: ₹3,00,000
Actual NWM income:  ₹2,22,439.861
Result:             FAIL
Reason:             NWM_CUSTOMER_SELECTION_FAILED

[FAILURE: INCOME_REJECT] NWM Customer Selection failed (CIBIL 755, Income ₹2,22,439.861)

[PARSER] parseDynamicFoir for lap_dbr_foir
  Raw Type:        string
  Raw Value:       "Max 100% (Double whammy - 140%)"
  Status:          OK
  Normalized:      {"type":"conditional_foir","base_limit":100,"special_program":"double_wammy","special_limit":140,"requires_manual_underwriting":true}

---
## STEP 3 — FOIR RESOLUTION
Duration: 0ms

Raw FOIR Param:       "Max 100% (Double whammy - 140%)"
FOIR Allowed %:       100.00%
Skip FOIR Check:      false
Conditional Flags:    {"type":"conditional_foir","base_limit":100,"special_program":"double_wammy","special_limit":140,"requires_manual_underwriting":true}

---
## STEP 4 — NET OBLIGATIONS
Duration: 0ms

Obligation Rule:      "MANUAL_REVIEW_REQUIRED"
Exclusion Months:     0
Total Obligations:    1
Excluded:             None
Net Obligations EMI:  ₹0

[PARSER] parseTenureSafe for lap_max_tenure
  Raw Type:        string
  Raw Value:       "180 Months"
  Status:          OK
  Normalized:      180
  Note:            Legacy string parsing used

---
## STEP 5 — TENURE RESOLUTION
Duration: 0ms

Lender Max Tenure:    180 months
Age-Based Limit:      No restriction
Final Tenure Used:    180 months

[PARSER] parsePercentSafe for lap_roi_min
  Raw Type:        string
  Raw Value:       "8.25%"
  Status:          OK
  Normalized:      0.0825
  Note:            Legacy string parsing used

[PARSER] parsePercentSafe for lap_roi_max
  Raw Type:        string
  Raw Value:       "8.5%"
  Status:          OK
  Normalized:      0.085
  Note:            Legacy string parsing used

---
## STEP 6 — ROI RESOLUTION
Duration: 0ms

ROI Min:              8.25%
ROI Max:              8.5%
Underwriting ROI:     8.5% (roi_max preferred)

STEP 7 — ELIGIBLE EMI CAPACITY:

Formula:
(FOIR% × Income) − Obligations

Calculation:
(100.0% × ₹2,22,439.861) − ₹0

= ₹2,22,439.861

STEP 8 — FOIR-BASED LOAN ELIGIBILITY:

Formula:
Reverse EMI: EMI, ROI, Tenure → Loan Amount

Calculation:
EMI=₹2,22,439.861 | ROI=8.5% | Tenure=180m

= ₹2,25,88,700

[PARSER] parsePercentSafe for lap_ltv_res_vacant
  Raw Type:        string
  Raw Value:       "70%"
  Status:          OK
  Normalized:      0.7
  Note:            Legacy string parsing used

---
## STEP 9 — LTV EVALUATION
Duration: 0ms

Property Value:       ₹4,00,00,000
Property Type:        Residential — House / Flat
Occupancy:            Vacant
LTV Param Key:        lap_ltv_res_vacant
LTV %:                70%
LTV Eligible Loan:    ₹2,80,00,000

STEP 10 — FINAL ELIGIBILITY:

Formula:
MIN of valid candidates: [FOIR Eligibility, LTV Eligibility, Product Max Loan, Requested Loan, NWM Cap]

Calculation:
Candidates: [₹2,25,88,700, ₹2,80,00,000, No Product Cap, No Requested Cap]

= ₹2,25,88,700

FOIR ACTUAL:

Formula:
(Existing Obligations + Proposed EMI) / Eligible Monthly Income

Calculation:
(₹0 + ₹2,22,440) / ₹2,22,439.861

= 100.00%

[FAILURE: INELIGIBLE] NWM_CUSTOMER_SELECTION_FAILED


====================================================
LENDER: HDFC BANK
SCHEME: SALARIED
====================================================

---
## PARAMETER MAP
Duration: 4ms

lap_roi_min: 8.25%
lap_roi_max: 10%
lap_pf_min: 0.50%
lap_pf_max: 1%
lap_max_tenure: 180 Months
lap_dbr_foir: <75k -60%, >75k - 70%
lap_ltv_res_vacant: 70%
lap_ltv_com_self: 70%
lap_min_loan: 1000000
lap_max_loan: greter then 1000000
lap_ltv_res_self: 70%
lap_ltv_res_rented: 70%
lap_ltv_com_rented: 70%
lap_ltv_mix_self: 70%
lap_ltv_mix_vacant: 70%
lap_ltv_plot_rented: 40%
lap_ltv_plot_vacant: 40%
lap_ltv_special: 50%
age_maturity_non_income: 75
bureau_cutoff: 700
elig_rental_bank: Yes
elig_agri_itr: NO
dbr_rental_bank: 70%
lap_ltv_plot_self: 40%
dbr_agri_itr: No
lap_ltv_ind_rented: 40%
bureau_name: CIBIL
dbr_rental_cash: No
existing_obligation: All Obligation to be considered except getting closed in next 12 months
lap_ltv_com_vacant: 70%
lap_ltv_mix_rented: 70%
age_maturity_income: 75
lap_ltv_ind_self: 40%
lap_ltv_ind_vacant: 0%
elig_rental_cash: NO

[PARSER] parseIntegerSafe for bureau_cutoff
  Raw Type:        string
  Raw Value:       "700"
  Status:          OK
  Normalized:      700
  Note:            Legacy string parsing used

---
## BUREAU CHECK
Duration: 1ms

PASS — Effective CIBIL 755 >= Cutoff 700

---
## STEP 1-2 — INCOME COMPOSITION
Duration: 0ms

Primary Income:       ₹6,23,622.84
Rental (Bank):        ₹0
Agri Income:          ₹0
Other Income:         ₹0
Total Eligible:       ₹6,23,622.84
Breakdown:            []

[PARSER] parseDynamicFoir for lap_dbr_foir
  Raw Type:        string
  Raw Value:       "<75k -60%, >75k - 70%"
  Status:          OK
  Normalized:      0.7
  Note:            Legacy slab string dynamically converted

---
## STEP 3 — FOIR RESOLUTION
Duration: 1ms

Raw FOIR Param:       "<75k -60%, >75k - 70%"
FOIR Allowed %:       70.00%
Skip FOIR Check:      false
Conditional Flags:    None

---
## STEP 4 — NET OBLIGATIONS
Duration: 0ms

Obligation Rule:      "All Obligation to be considered except getting closed in next 12 months"
Exclusion Months:     12
Total Obligations:    1
Excluded:             None
Net Obligations EMI:  ₹0

[PARSER] parseTenureSafe for lap_max_tenure
  Raw Type:        string
  Raw Value:       "180 Months"
  Status:          OK
  Normalized:      180
  Note:            Legacy string parsing used

---
## STEP 5 — TENURE RESOLUTION
Duration: 0ms

Lender Max Tenure:    180 months
Age-Based Limit:      No restriction
Final Tenure Used:    180 months

[PARSER] parsePercentSafe for lap_roi_min
  Raw Type:        string
  Raw Value:       "8.25%"
  Status:          OK
  Normalized:      0.0825
  Note:            Legacy string parsing used

[PARSER] parsePercentSafe for lap_roi_max
  Raw Type:        string
  Raw Value:       "10%"
  Status:          OK
  Normalized:      0.1
  Note:            Legacy string parsing used

---
## STEP 6 — ROI RESOLUTION
Duration: 0ms

ROI Min:              8.25%
ROI Max:              10%
Underwriting ROI:     10% (roi_max preferred)

STEP 7 — ELIGIBLE EMI CAPACITY:

Formula:
(FOIR% × Income) − Obligations

Calculation:
(70.0% × ₹6,23,622.84) − ₹0

= ₹4,36,535.988

STEP 8 — FOIR-BASED LOAN ELIGIBILITY:

Formula:
Reverse EMI: EMI, ROI, Tenure → Loan Amount

Calculation:
EMI=₹4,36,535.988 | ROI=10% | Tenure=180m

= ₹4,06,22,921

[PARSER] parsePercentSafe for lap_ltv_res_vacant
  Raw Type:        string
  Raw Value:       "70%"
  Status:          OK
  Normalized:      0.7
  Note:            Legacy string parsing used

---
## STEP 9 — LTV EVALUATION
Duration: 0ms

Property Value:       ₹4,00,00,000
Property Type:        Residential — House / Flat
Occupancy:            Vacant
LTV Param Key:        lap_ltv_res_vacant
LTV %:                70%
LTV Eligible Loan:    ₹2,80,00,000

STEP 10 — FINAL ELIGIBILITY:

Formula:
MIN of valid candidates: [FOIR Eligibility, LTV Eligibility, Product Max Loan, Requested Loan, NWM Cap]

Calculation:
Candidates: [₹4,06,22,921, ₹2,80,00,000, No Product Cap, No Requested Cap]

= ₹2,80,00,000

FOIR ACTUAL:

Formula:
(Existing Obligations + Proposed EMI) / Eligible Monthly Income

Calculation:
(₹0 + ₹3,00,889) / ₹6,23,622.84

= 48.25%

[FAILURE: INELIGIBLE] Invalid lender configuration for lap_max_loan: Invalid numeric format: "greter then 1000000"


====================================================
LENDER: HDFC BANK
SCHEME: NET PROFIT METHOD
====================================================

---
## PARAMETER MAP
Duration: 2ms

lap_ltv_res_rented: 70%
lap_ltv_res_vacant: 70%
lap_max_loan: greter then 1000000
lap_roi_min: 8.25%
lap_roi_max: 10%
lap_pf_min: 0.50%
lap_max_tenure: 180 Months
lap_ltv_res_self: 70%
lap_ltv_com_self: 70%
lap_ltv_com_vacant: 70%
lap_ltv_ind_rented: 40%
lap_ltv_ind_vacant: 0%
lap_ltv_mix_self: 70%
lap_ltv_mix_rented: 70%
lap_ltv_mix_vacant: 70%
lap_ltv_plot_self: 40%
lap_ltv_plot_rented: 40%
lap_ltv_special: 50%
age_maturity_income: 75
age_maturity_non_income: 75
bureau_cutoff: 700
elig_rental_bank: Yes
elig_agri_itr: NO
dbr_rental_bank: 70%
dbr_rental_cash: No
dbr_agri_itr: No
lap_pf_max: 1%
lap_dbr_foir: Max 100% ( Double wammy - 140%)
lap_ltv_com_rented: 70%
lap_ltv_ind_self: 40%
lap_ltv_plot_vacant: 40%
elig_rental_cash: NO
existing_obligation: All Obligation to be considered except getting closed in next 12 months
lap_min_loan: 1000000
bureau_name: CIBIL

[PARSER] parseIntegerSafe for bureau_cutoff
  Raw Type:        string
  Raw Value:       "700"
  Status:          OK
  Normalized:      700
  Note:            Legacy string parsing used

---
## BUREAU CHECK
Duration: 1ms

PASS — Effective CIBIL 755 >= Cutoff 700

---
## STEP 1-2 — INCOME COMPOSITION
Duration: 0ms

Primary Income:       ₹1,22,439.861
Rental (Bank):        ₹0
Agri Income:          ₹0
Other Income:         ₹0
Total Eligible:       ₹1,22,439.861
Breakdown:            []

[PARSER] parseDynamicFoir for lap_dbr_foir
  Raw Type:        string
  Raw Value:       "Max 100% ( Double wammy - 140%)"
  Status:          OK
  Normalized:      {"type":"conditional_foir","base_limit":100,"special_program":"double_wammy","special_limit":140,"requires_manual_underwriting":true}

---
## STEP 3 — FOIR RESOLUTION
Duration: 0ms

Raw FOIR Param:       "Max 100% ( Double wammy - 140%)"
FOIR Allowed %:       100.00%
Skip FOIR Check:      false
Conditional Flags:    {"type":"conditional_foir","base_limit":100,"special_program":"double_wammy","special_limit":140,"requires_manual_underwriting":true}

---
## STEP 4 — NET OBLIGATIONS
Duration: 0ms

Obligation Rule:      "All Obligation to be considered except getting closed in next 12 months"
Exclusion Months:     12
Total Obligations:    1
Excluded:             None
Net Obligations EMI:  ₹0

[PARSER] parseTenureSafe for lap_max_tenure
  Raw Type:        string
  Raw Value:       "180 Months"
  Status:          OK
  Normalized:      180
  Note:            Legacy string parsing used

---
## STEP 5 — TENURE RESOLUTION
Duration: 1ms

Lender Max Tenure:    180 months
Age-Based Limit:      No restriction
Final Tenure Used:    180 months

[PARSER] parsePercentSafe for lap_roi_min
  Raw Type:        string
  Raw Value:       "8.25%"
  Status:          OK
  Normalized:      0.0825
  Note:            Legacy string parsing used

[PARSER] parsePercentSafe for lap_roi_max
  Raw Type:        string
  Raw Value:       "10%"
  Status:          OK
  Normalized:      0.1
  Note:            Legacy string parsing used

---
## STEP 6 — ROI RESOLUTION
Duration: 0ms

ROI Min:              8.25%
ROI Max:              10%
Underwriting ROI:     10% (roi_max preferred)

STEP 7 — ELIGIBLE EMI CAPACITY:

Formula:
(FOIR% × Income) − Obligations

Calculation:
(100.0% × ₹1,22,439.861) − ₹0

= ₹1,22,439.861

STEP 8 — FOIR-BASED LOAN ELIGIBILITY:

Formula:
Reverse EMI: EMI, ROI, Tenure → Loan Amount

Calculation:
EMI=₹1,22,439.861 | ROI=10% | Tenure=180m

= ₹1,13,93,940

[PARSER] parsePercentSafe for lap_ltv_res_vacant
  Raw Type:        string
  Raw Value:       "70%"
  Status:          OK
  Normalized:      0.7
  Note:            Legacy string parsing used

---
## STEP 9 — LTV EVALUATION
Duration: 0ms

Property Value:       ₹4,00,00,000
Property Type:        Residential — House / Flat
Occupancy:            Vacant
LTV Param Key:        lap_ltv_res_vacant
LTV %:                70%
LTV Eligible Loan:    ₹2,80,00,000

STEP 10 — FINAL ELIGIBILITY:

Formula:
MIN of valid candidates: [FOIR Eligibility, LTV Eligibility, Product Max Loan, Requested Loan, NWM Cap]

Calculation:
Candidates: [₹1,13,93,940, ₹2,80,00,000, No Product Cap, No Requested Cap]

= ₹1,13,93,940

FOIR ACTUAL:

Formula:
(Existing Obligations + Proposed EMI) / Eligible Monthly Income

Calculation:
(₹0 + ₹1,22,440) / ₹1,22,439.861

= 100.00%

[FAILURE: INELIGIBLE] Invalid lender configuration for lap_max_loan: Invalid numeric format: "greter then 1000000"


====================================================
LENDER: HDFC BANK
SCHEME: BANKING
====================================================

---
## PARAMETER MAP
Duration: 2ms

elig_rental_bank: NO
elig_rental_cash: NO
lap_min_loan: 1000000
lap_roi_min: 8.25%
lap_roi_max: 10%
lap_pf_min: 0.50%
lap_pf_max: 1%
lap_max_tenure: 180 Months
lap_ltv_res_self: 70%
lap_ltv_res_rented: 70%
lap_ltv_res_vacant: 70%
lap_ltv_com_self: 70%
lap_ltv_com_rented: 70%
lap_ltv_com_vacant: 70%
lap_ltv_ind_self: 40%
lap_ltv_ind_vacant: 0%
lap_ltv_mix_self: 70%
lap_ltv_plot_rented: 40%
bureau_cutoff: 700
bureau_name: CIBIL
elig_agri_itr: NO
dbr_agri_itr: No
lap_max_loan: greter then 1000000
lap_ltv_mix_rented: 70%
lap_ltv_mix_vacant: 70%
lap_ltv_plot_self: 40%
lap_ltv_plot_vacant: 40%
lap_ltv_special: 50%
age_maturity_income: 75
age_maturity_non_income: 75
dbr_rental_bank: No
existing_obligation: All Obligation to be considered except getting closed in next 12 months
lap_ltv_ind_rented: 40%
dbr_rental_cash: No
lap_dbr_foir: Max 100% ( Double wammy - 140%)

[PARSER] parseIntegerSafe for bureau_cutoff
  Raw Type:        string
  Raw Value:       "700"
  Status:          OK
  Normalized:      700
  Note:            Legacy string parsing used

---
## BUREAU CHECK
Duration: 0ms

PASS — Effective CIBIL 755 >= Cutoff 700

---
## STEP 1-2 — INCOME COMPOSITION
Duration: 0ms

Primary Income:       ₹6,23,622.84
Rental (Bank):        ₹0
Agri Income:          ₹0
Other Income:         ₹0
Total Eligible:       ₹6,23,622.84
Breakdown:            []

[PARSER] parseDynamicFoir for lap_dbr_foir
  Raw Type:        string
  Raw Value:       "Max 100% ( Double wammy - 140%)"
  Status:          OK
  Normalized:      {"type":"conditional_foir","base_limit":100,"special_program":"double_wammy","special_limit":140,"requires_manual_underwriting":true}

---
## STEP 3 — FOIR RESOLUTION
Duration: 0ms

Raw FOIR Param:       "Max 100% ( Double wammy - 140%)"
FOIR Allowed %:       100.00%
Skip FOIR Check:      false
Conditional Flags:    {"type":"conditional_foir","base_limit":100,"special_program":"double_wammy","special_limit":140,"requires_manual_underwriting":true}

---
## STEP 4 — NET OBLIGATIONS
Duration: 0ms

Obligation Rule:      "All Obligation to be considered except getting closed in next 12 months"
Exclusion Months:     12
Total Obligations:    1
Excluded:             None
Net Obligations EMI:  ₹0

[PARSER] parseTenureSafe for lap_max_tenure
  Raw Type:        string
  Raw Value:       "180 Months"
  Status:          OK
  Normalized:      180
  Note:            Legacy string parsing used

---
## STEP 5 — TENURE RESOLUTION
Duration: 0ms

Lender Max Tenure:    180 months
Age-Based Limit:      No restriction
Final Tenure Used:    180 months

[PARSER] parsePercentSafe for lap_roi_min
  Raw Type:        string
  Raw Value:       "8.25%"
  Status:          OK
  Normalized:      0.0825
  Note:            Legacy string parsing used

[PARSER] parsePercentSafe for lap_roi_max
  Raw Type:        string
  Raw Value:       "10%"
  Status:          OK
  Normalized:      0.1
  Note:            Legacy string parsing used

---
## STEP 6 — ROI RESOLUTION
Duration: 0ms

ROI Min:              8.25%
ROI Max:              10%
Underwriting ROI:     10% (roi_max preferred)

STEP 7 — ELIGIBLE EMI CAPACITY:

Formula:
(FOIR% × Income) − Obligations

Calculation:
(100.0% × ₹6,23,622.84) − ₹0

= ₹6,23,622.84

STEP 8 — FOIR-BASED LOAN ELIGIBILITY:

Formula:
Reverse EMI: EMI, ROI, Tenure → Loan Amount

Calculation:
EMI=₹6,23,622.84 | ROI=10% | Tenure=180m

= ₹5,80,32,744

[PARSER] parsePercentSafe for lap_ltv_res_vacant
  Raw Type:        string
  Raw Value:       "70%"
  Status:          OK
  Normalized:      0.7
  Note:            Legacy string parsing used

---
## STEP 9 — LTV EVALUATION
Duration: 0ms

Property Value:       ₹4,00,00,000
Property Type:        Residential — House / Flat
Occupancy:            Vacant
LTV Param Key:        lap_ltv_res_vacant
LTV %:                70%
LTV Eligible Loan:    ₹2,80,00,000

STEP 10 — FINAL ELIGIBILITY:

Formula:
MIN of valid candidates: [FOIR Eligibility, LTV Eligibility, Product Max Loan, Requested Loan, NWM Cap]

Calculation:
Candidates: [₹5,80,32,744, ₹2,80,00,000, No Product Cap, No Requested Cap]

= ₹2,80,00,000

FOIR ACTUAL:

Formula:
(Existing Obligations + Proposed EMI) / Eligible Monthly Income

Calculation:
(₹0 + ₹3,00,889) / ₹6,23,622.84

= 48.25%

[FAILURE: INELIGIBLE] Invalid lender configuration for lap_max_loan: Invalid numeric format: "greter then 1000000"


====================================================
LENDER: HDFC BANK
SCHEME: GST
====================================================

---
## PARAMETER MAP
Duration: 2ms

lap_min_loan: 1000000
lap_max_loan: greter then 1000000
lap_roi_min: 8.25%
lap_roi_max: 10%
lap_pf_min: 0.50%
lap_max_tenure: 180 Months
lap_ltv_res_self: 70%
lap_ltv_res_rented: 70%
lap_ltv_res_vacant: 70%
lap_ltv_mix_vacant: 70%
lap_ltv_plot_self: 40%
lap_pf_max: 1%
lap_dbr_foir: Max 100% ( Double wammy - 140%)
lap_ltv_mix_rented: 70%
lap_ltv_plot_vacant: 40%
lap_ltv_special: 50%
elig_rental_bank: NO
elig_rental_cash: NO
dbr_rental_bank: No
dbr_agri_itr: No
lap_ltv_com_self: 70%
lap_ltv_com_rented: 70%
lap_ltv_com_vacant: 70%
lap_ltv_ind_self: 40%
lap_ltv_ind_rented: 40%
lap_ltv_ind_vacant: 0%
lap_ltv_mix_self: 70%
lap_ltv_plot_rented: 40%
age_maturity_income: 75
age_maturity_non_income: 75
bureau_cutoff: 700
bureau_name: CIBIL
elig_agri_itr: NO
dbr_rental_cash: No
existing_obligation: All Obligation to be considered except getting closed in next 12 months

[PARSER] parseIntegerSafe for bureau_cutoff
  Raw Type:        string
  Raw Value:       "700"
  Status:          OK
  Normalized:      700
  Note:            Legacy string parsing used

---
## BUREAU CHECK
Duration: 0ms

PASS — Effective CIBIL 755 >= Cutoff 700

---
## STEP 1-2 — INCOME COMPOSITION
Duration: 0ms

Primary Income:       ₹1,45,270.008
Rental (Bank):        ₹0
Agri Income:          ₹0
Other Income:         ₹0
Total Eligible:       ₹1,45,270.008
Breakdown:            []

[PARSER] parseDynamicFoir for lap_dbr_foir
  Raw Type:        string
  Raw Value:       "Max 100% ( Double wammy - 140%)"
  Status:          OK
  Normalized:      {"type":"conditional_foir","base_limit":100,"special_program":"double_wammy","special_limit":140,"requires_manual_underwriting":true}

---
## STEP 3 — FOIR RESOLUTION
Duration: 0ms

Raw FOIR Param:       "Max 100% ( Double wammy - 140%)"
FOIR Allowed %:       100.00%
Skip FOIR Check:      false
Conditional Flags:    {"type":"conditional_foir","base_limit":100,"special_program":"double_wammy","special_limit":140,"requires_manual_underwriting":true}

---
## STEP 4 — NET OBLIGATIONS
Duration: 0ms

Obligation Rule:      "All Obligation to be considered except getting closed in next 12 months"
Exclusion Months:     12
Total Obligations:    1
Excluded:             None
Net Obligations EMI:  ₹0

[PARSER] parseTenureSafe for lap_max_tenure
  Raw Type:        string
  Raw Value:       "180 Months"
  Status:          OK
  Normalized:      180
  Note:            Legacy string parsing used

---
## STEP 5 — TENURE RESOLUTION
Duration: 0ms

Lender Max Tenure:    180 months
Age-Based Limit:      No restriction
Final Tenure Used:    180 months

[PARSER] parsePercentSafe for lap_roi_min
  Raw Type:        string
  Raw Value:       "8.25%"
  Status:          OK
  Normalized:      0.0825
  Note:            Legacy string parsing used

[PARSER] parsePercentSafe for lap_roi_max
  Raw Type:        string
  Raw Value:       "10%"
  Status:          OK
  Normalized:      0.1
  Note:            Legacy string parsing used

---
## STEP 6 — ROI RESOLUTION
Duration: 0ms

ROI Min:              8.25%
ROI Max:              10%
Underwriting ROI:     10% (roi_max preferred)

STEP 7 — ELIGIBLE EMI CAPACITY:

Formula:
(FOIR% × Income) − Obligations

Calculation:
(100.0% × ₹1,45,270.008) − ₹0

= ₹1,45,270.008

STEP 8 — FOIR-BASED LOAN ELIGIBILITY:

Formula:
Reverse EMI: EMI, ROI, Tenure → Loan Amount

Calculation:
EMI=₹1,45,270.008 | ROI=10% | Tenure=180m

= ₹1,35,18,455

[PARSER] parsePercentSafe for lap_ltv_res_vacant
  Raw Type:        string
  Raw Value:       "70%"
  Status:          OK
  Normalized:      0.7
  Note:            Legacy string parsing used

---
## STEP 9 — LTV EVALUATION
Duration: 0ms

Property Value:       ₹4,00,00,000
Property Type:        Residential — House / Flat
Occupancy:            Vacant
LTV Param Key:        lap_ltv_res_vacant
LTV %:                70%
LTV Eligible Loan:    ₹2,80,00,000

STEP 10 — FINAL ELIGIBILITY:

Formula:
MIN of valid candidates: [FOIR Eligibility, LTV Eligibility, Product Max Loan, Requested Loan, NWM Cap]

Calculation:
Candidates: [₹1,35,18,455, ₹2,80,00,000, No Product Cap, No Requested Cap]

= ₹1,35,18,455

FOIR ACTUAL:

Formula:
(Existing Obligations + Proposed EMI) / Eligible Monthly Income

Calculation:
(₹0 + ₹1,45,270) / ₹1,45,270.008

= 100.00%

[FAILURE: INELIGIBLE] Invalid lender configuration for lap_max_loan: Invalid numeric format: "greter then 1000000"


====================================================
LENDER: HDFC BANK
SCHEME: GRP
====================================================

---
## PARAMETER MAP
Duration: 2ms

lap_min_loan: 1000000
lap_roi_min: 8.25%
lap_roi_max: 10%
lap_pf_min: 0.50%
lap_pf_max: 1%
lap_max_tenure: 180 Months
lap_dbr_foir: Max 100% ( Double wammy - 140%)
lap_ltv_res_self: 70%
lap_ltv_com_self: 70%
lap_ltv_com_rented: 70%
lap_ltv_com_vacant: 70%
lap_ltv_ind_self: 40%
lap_ltv_ind_rented: 40%
lap_ltv_ind_vacant: 0%
lap_ltv_mix_self: 70%
lap_ltv_mix_rented: 70%
lap_ltv_mix_vacant: 70%
lap_ltv_plot_self: 40%
lap_ltv_plot_rented: 40%
lap_ltv_plot_vacant: 40%
lap_ltv_special: 50%
age_maturity_non_income: 75
bureau_name: CIBIL
elig_rental_bank: NO
elig_agri_itr: NO
dbr_agri_itr: No
lap_ltv_res_rented: 70%
lap_ltv_res_vacant: 70%
age_maturity_income: 75
bureau_cutoff: 700
elig_rental_cash: NO
dbr_rental_bank: No
existing_obligation: All Obligation to be considered except getting closed in next 12 months
lap_max_loan: greter then 1000000
dbr_rental_cash: No

[PARSER] parseIntegerSafe for bureau_cutoff
  Raw Type:        string
  Raw Value:       "700"
  Status:          OK
  Normalized:      700
  Note:            Legacy string parsing used

---
## BUREAU CHECK
Duration: 0ms

PASS — Effective CIBIL 755 >= Cutoff 700

---
## STEP 1-2 — INCOME COMPOSITION
Duration: 0ms

Primary Income:       ₹0
Rental (Bank):        ₹0
Agri Income:          ₹0
Other Income:         ₹0
Total Eligible:       ₹0
Breakdown:            []

[PARSER] parseDynamicFoir for lap_dbr_foir
  Raw Type:        string
  Raw Value:       "Max 100% ( Double wammy - 140%)"
  Status:          OK
  Normalized:      {"type":"conditional_foir","base_limit":100,"special_program":"double_wammy","special_limit":140,"requires_manual_underwriting":true}

---
## STEP 3 — FOIR RESOLUTION
Duration: 0ms

Raw FOIR Param:       "Max 100% ( Double wammy - 140%)"
FOIR Allowed %:       100.00%
Skip FOIR Check:      true
Conditional Flags:    {"type":"conditional_foir","base_limit":100,"special_program":"double_wammy","special_limit":140,"requires_manual_underwriting":true}

---
## STEP 4 — NET OBLIGATIONS
Duration: 0ms

Obligation Rule:      "All Obligation to be considered except getting closed in next 12 months"
Exclusion Months:     12
Total Obligations:    1
Excluded:             None
Net Obligations EMI:  ₹0

[PARSER] parseTenureSafe for lap_max_tenure
  Raw Type:        string
  Raw Value:       "180 Months"
  Status:          OK
  Normalized:      180
  Note:            Legacy string parsing used

---
## STEP 5 — TENURE RESOLUTION
Duration: 0ms

Lender Max Tenure:    180 months
Age-Based Limit:      No restriction
Final Tenure Used:    180 months

[PARSER] parsePercentSafe for lap_roi_min
  Raw Type:        string
  Raw Value:       "8.25%"
  Status:          OK
  Normalized:      0.0825
  Note:            Legacy string parsing used

[PARSER] parsePercentSafe for lap_roi_max
  Raw Type:        string
  Raw Value:       "10%"
  Status:          OK
  Normalized:      0.1
  Note:            Legacy string parsing used

---
## STEP 6 — ROI RESOLUTION
Duration: 0ms

ROI Min:              8.25%
ROI Max:              10%
Underwriting ROI:     10% (roi_max preferred)

---
## STEP 7 — ELIGIBLE EMI CAPACITY
Duration: 0ms

No DBR policy — EMI capacity is UNCAPPED

STEP 8 — GRP DIRECT LOAN ELIGIBILITY:

Formula:
(Gross Receipts × Multiplier) − ICICI Exposure

Calculation:
(₹62,66,702 × 4) − ₹0

= ₹2,50,66,808

[PARSER] parsePercentSafe for lap_ltv_res_vacant
  Raw Type:        string
  Raw Value:       "70%"
  Status:          OK
  Normalized:      0.7
  Note:            Legacy string parsing used

---
## STEP 9 — LTV EVALUATION
Duration: 0ms

Property Value:       ₹4,00,00,000
Property Type:        Residential — House / Flat
Occupancy:            Vacant
LTV Param Key:        lap_ltv_res_vacant
LTV %:                70%
LTV Eligible Loan:    ₹2,80,00,000

STEP 10 — FINAL ELIGIBILITY:

Formula:
MIN of valid candidates: [FOIR Eligibility, LTV Eligibility, Product Max Loan, Requested Loan, NWM Cap]

Calculation:
Candidates: [₹2,50,66,808, ₹2,80,00,000, No Product Cap, No Requested Cap]

= ₹2,50,66,808

FOIR ACTUAL:

Formula:
(Existing Obligations + Proposed EMI) / Eligible Monthly Income

Calculation:
(₹0 + ₹2,69,369) / ₹0

= 0.00%

[SUCCESS] ELIGIBLE — ₹2,50,66,808 @ 10% ROI for 180m


====================================================
LENDER: HDFC BANK
SCHEME: LIP
====================================================

---
## PARAMETER MAP
Duration: 2ms

[PARSER] parseIntegerSafe for bureau_cutoff
  Raw Type:        null
  Raw Value:       "null"
  Status:          CONFIG_MISSING (no lender value configured)

---
## BUREAU CHECK
Duration: 0ms

No bureau cutoff configured — Effective CIBIL: 755

---
## STEP 1-2 — INCOME COMPOSITION
Duration: 0ms

Primary Income:       ₹6,23,622.84
Rental (Bank):        ₹0
Agri Income:          ₹0
Other Income:         ₹0
Total Eligible:       ₹6,23,622.84
Breakdown:            []

[PARSER] parseDynamicFoir for lap_dbr_foir
  Raw Type:        null
  Raw Value:       "undefined"
  Status:          CONFIG_MISSING (no lender value configured)

---
## STEP 3 — FOIR RESOLUTION
Duration: 0ms

Raw FOIR Param:       "N/A"
FOIR Allowed %:       N/A
Skip FOIR Check:      false
Conditional Flags:    None

[FAILURE: CONFIG_MISSING] FOIR = null and skip_foir_check = false — cannot underwrite

---
## STEP 4 — NET OBLIGATIONS
Duration: 0ms

Obligation Rule:      "N/A"
Exclusion Months:     0
Total Obligations:    1
Excluded:             None
Net Obligations EMI:  ₹0

[PARSER] parseTenureSafe for lap_max_tenure
  Raw Type:        null
  Raw Value:       "null"
  Status:          CONFIG_MISSING (no lender value configured)

---
## STEP 5 — TENURE RESOLUTION
Duration: 0ms

Lender Max Tenure:    N/A months
Age-Based Limit:      No restriction
Final Tenure Used:    0 months

[PARSER] parsePercentSafe for lap_roi_min
  Raw Type:        null
  Raw Value:       "null"
  Status:          CONFIG_MISSING (no lender value configured)

[PARSER] parsePercentSafe for lap_roi_max
  Raw Type:        null
  Raw Value:       "null"
  Status:          CONFIG_MISSING (no lender value configured)

---
## STEP 6 — ROI RESOLUTION
Duration: 0ms

ROI Min:              N/A%
ROI Max:              N/A%
Underwriting ROI:     0% (roi_max preferred)

[FAILURE: CONFIG_MISSING] ROI = 0 — scheme cannot be underwritten

[FAILURE: CONFIG_MISSING] Tenure = 0 months — scheme cannot be underwritten

[WARNING] STEP 7 — ELIGIBLE EMI CAPACITY: Could not calculate (missing FOIR% or income)

[WARNING] STEP 8 — FOIR-BASED LOAN: Could not calculate (zero EMI capacity, ROI or tenure)

[PARSER] parsePercentSafe for lap_ltv_res_vacant
  Raw Type:        null
  Raw Value:       "null"
  Status:          CONFIG_MISSING (no lender value configured)

---
## STEP 9 — LTV EVALUATION
Duration: 0ms

Property Value:       ₹4,00,00,000
Property Type:        Residential — House / Flat
Occupancy:            Vacant
LTV Param Key:        lap_ltv_res_vacant
LTV %:                N/A
LTV Eligible Loan:    N/A

STEP 10 — FINAL ELIGIBILITY:

Formula:
MIN of valid candidates: [FOIR Eligibility, LTV Eligibility, Product Max Loan, Requested Loan, NWM Cap]

Calculation:
Candidates: [₹0, N/A (no property/LTV), No Product Cap, No Requested Cap]

= ₹0

FOIR ACTUAL:

Formula:
(Existing Obligations + Proposed EMI) / Eligible Monthly Income

Calculation:
(₹0 + ₹0) / ₹6,23,622.84

= 0.00%

[FAILURE: INELIGIBLE] Missing required lender configuration for bureau_cutoff

[FAILURE: INELIGIBLE] Missing required lender configuration for lap_min_loan

[FAILURE: INELIGIBLE] Missing required lender configuration for lap_dbr_foir

[FAILURE: INELIGIBLE] FOIR/DBR not configured or could not be resolved for this scheme.

[FAILURE: INELIGIBLE] Missing required lender configuration for lap_max_tenure

[FAILURE: INELIGIBLE] Missing required lender configuration for lap_roi_min

[FAILURE: INELIGIBLE] Missing required lender configuration for lap_roi_max

[FAILURE: INELIGIBLE] No valid ROI configured for this scheme. Cannot calculate loan eligibility.

[FAILURE: INELIGIBLE] No valid tenure configured for this scheme. Cannot calculate loan eligibility.

[FAILURE: INELIGIBLE] Missing required lender configuration for lap_pf_min

[FAILURE: INELIGIBLE] Missing required lender configuration for lap_pf_max

[FAILURE: INELIGIBLE] Missing required lender configuration for lap_ltv_res_vacant


====================================================
LENDER: HDFC BANK
SCHEME: LOW LTV
====================================================

---
## PARAMETER MAP
Duration: 2ms

[PARSER] parseIntegerSafe for bureau_cutoff
  Raw Type:        null
  Raw Value:       "null"
  Status:          CONFIG_MISSING (no lender value configured)

---
## BUREAU CHECK
Duration: 0ms

No bureau cutoff configured — Effective CIBIL: 755

---
## STEP 1-2 — INCOME COMPOSITION
Duration: 0ms

Primary Income:       ₹6,23,622.84
Rental (Bank):        ₹0
Agri Income:          ₹0
Other Income:         ₹0
Total Eligible:       ₹6,23,622.84
Breakdown:            []

[PARSER] parseDynamicFoir for lap_dbr_foir
  Raw Type:        null
  Raw Value:       "undefined"
  Status:          CONFIG_MISSING (no lender value configured)

---
## STEP 3 — FOIR RESOLUTION
Duration: 0ms

Raw FOIR Param:       "N/A"
FOIR Allowed %:       N/A
Skip FOIR Check:      false
Conditional Flags:    None

[FAILURE: CONFIG_MISSING] FOIR = null and skip_foir_check = false — cannot underwrite

---
## STEP 4 — NET OBLIGATIONS
Duration: 0ms

Obligation Rule:      "N/A"
Exclusion Months:     0
Total Obligations:    1
Excluded:             None
Net Obligations EMI:  ₹0

[PARSER] parseTenureSafe for lap_max_tenure
  Raw Type:        null
  Raw Value:       "null"
  Status:          CONFIG_MISSING (no lender value configured)

---
## STEP 5 — TENURE RESOLUTION
Duration: 0ms

Lender Max Tenure:    N/A months
Age-Based Limit:      No restriction
Final Tenure Used:    0 months

[PARSER] parsePercentSafe for lap_roi_min
  Raw Type:        null
  Raw Value:       "null"
  Status:          CONFIG_MISSING (no lender value configured)

[PARSER] parsePercentSafe for lap_roi_max
  Raw Type:        null
  Raw Value:       "null"
  Status:          CONFIG_MISSING (no lender value configured)

---
## STEP 6 — ROI RESOLUTION
Duration: 0ms

ROI Min:              N/A%
ROI Max:              N/A%
Underwriting ROI:     0% (roi_max preferred)

[FAILURE: CONFIG_MISSING] ROI = 0 — scheme cannot be underwritten

[FAILURE: CONFIG_MISSING] Tenure = 0 months — scheme cannot be underwritten

[WARNING] STEP 7 — ELIGIBLE EMI CAPACITY: Could not calculate (missing FOIR% or income)

[WARNING] STEP 8 — FOIR-BASED LOAN: Could not calculate (zero EMI capacity, ROI or tenure)

[PARSER] parsePercentSafe for lap_ltv_res_vacant
  Raw Type:        null
  Raw Value:       "null"
  Status:          CONFIG_MISSING (no lender value configured)

---
## STEP 9 — LTV EVALUATION
Duration: 0ms

Property Value:       ₹4,00,00,000
Property Type:        Residential — House / Flat
Occupancy:            Vacant
LTV Param Key:        lap_ltv_res_vacant
LTV %:                N/A
LTV Eligible Loan:    N/A

STEP 10 — FINAL ELIGIBILITY:

Formula:
MIN of valid candidates: [FOIR Eligibility, LTV Eligibility, Product Max Loan, Requested Loan, NWM Cap]

Calculation:
Candidates: [₹0, N/A (no property/LTV), No Product Cap, No Requested Cap]

= ₹0

FOIR ACTUAL:

Formula:
(Existing Obligations + Proposed EMI) / Eligible Monthly Income

Calculation:
(₹0 + ₹0) / ₹6,23,622.84

= 0.00%

[FAILURE: INELIGIBLE] Missing required lender configuration for bureau_cutoff

[FAILURE: INELIGIBLE] Missing required lender configuration for lap_min_loan

[FAILURE: INELIGIBLE] Missing required lender configuration for lap_dbr_foir

[FAILURE: INELIGIBLE] FOIR/DBR not configured or could not be resolved for this scheme.

[FAILURE: INELIGIBLE] Missing required lender configuration for lap_max_tenure

[FAILURE: INELIGIBLE] Missing required lender configuration for lap_roi_min

[FAILURE: INELIGIBLE] Missing required lender configuration for lap_roi_max

[FAILURE: INELIGIBLE] No valid ROI configured for this scheme. Cannot calculate loan eligibility.

[FAILURE: INELIGIBLE] No valid tenure configured for this scheme. Cannot calculate loan eligibility.

[FAILURE: INELIGIBLE] Missing required lender configuration for lap_pf_min

[FAILURE: INELIGIBLE] Missing required lender configuration for lap_pf_max

[FAILURE: INELIGIBLE] Missing required lender configuration for lap_ltv_res_vacant


====================================================
LENDER: HDFC BANK
SCHEME: NET WORTH METHOD
====================================================

---
## PARAMETER MAP
Duration: 1ms

lap_min_loan: 1000000
lap_max_loan: greter then 1000000
lap_roi_min: 8.25%
lap_roi_max: 10%
lap_pf_min: 0.50%
lap_pf_max: 1%
lap_max_tenure: 180 Months
lap_ltv_res_self: 70%
lap_ltv_res_vacant: 70%
lap_ltv_com_self: 70%
lap_ltv_com_rented: 70%
lap_ltv_com_vacant: 70%
lap_ltv_ind_self: 40%
lap_ltv_ind_rented: 40%
lap_ltv_ind_vacant: 0%
lap_ltv_mix_self: 70%
lap_ltv_mix_rented: 70%
lap_ltv_plot_self: 40%
lap_ltv_plot_rented: 40%
lap_ltv_plot_vacant: 40%
age_maturity_income: 75
age_maturity_non_income: 75
bureau_cutoff: 700
bureau_name: CIBIL
elig_rental_bank: Yes
elig_rental_cash: NO
dbr_rental_bank: 70%
dbr_rental_cash: No
dbr_agri_itr: No
lap_ltv_res_rented: 70%
lap_ltv_special: 50%
existing_obligation: All Obligation to be considered except getting closed in next 12 months
elig_agri_itr: NO
lap_ltv_mix_vacant: 70%
lap_dbr_foir: Max 100% ( Double wammy - 140%)

[PARSER] parseIntegerSafe for bureau_cutoff
  Raw Type:        string
  Raw Value:       "700"
  Status:          OK
  Normalized:      700
  Note:            Legacy string parsing used

---
## BUREAU CHECK
Duration: 0ms

PASS — Effective CIBIL 755 >= Cutoff 700

---
## NWM INCOME BUILD-UP
Duration: 1ms

NPM Monthly Income:           ₹1,22,439.861
Property Value Add-on @3%/12: ₹1,00,000
Financial Asset Add-on @5%/12: ₹0
Eligible Rental Bank @70%:    ₹0
Eligible Agri @50%:           ₹0
Total NWM Monthly Income:     ₹2,22,439.861

---
## NWM CUSTOMER SELECTION
Duration: 0ms

CIBIL:              755
Required threshold: ₹3,00,000
Actual NWM income:  ₹2,22,439.861
Result:             FAIL
Reason:             NWM_CUSTOMER_SELECTION_FAILED

[FAILURE: INCOME_REJECT] NWM Customer Selection failed (CIBIL 755, Income ₹2,22,439.861)

[PARSER] parseDynamicFoir for lap_dbr_foir
  Raw Type:        string
  Raw Value:       "Max 100% ( Double wammy - 140%)"
  Status:          OK
  Normalized:      {"type":"conditional_foir","base_limit":100,"special_program":"double_wammy","special_limit":140,"requires_manual_underwriting":true}

---
## STEP 3 — FOIR RESOLUTION
Duration: 0ms

Raw FOIR Param:       "Max 100% ( Double wammy - 140%)"
FOIR Allowed %:       100.00%
Skip FOIR Check:      false
Conditional Flags:    {"type":"conditional_foir","base_limit":100,"special_program":"double_wammy","special_limit":140,"requires_manual_underwriting":true}

---
## STEP 4 — NET OBLIGATIONS
Duration: 0ms

Obligation Rule:      "All Obligation to be considered except getting closed in next 12 months"
Exclusion Months:     12
Total Obligations:    1
Excluded:             None
Net Obligations EMI:  ₹0

[PARSER] parseTenureSafe for lap_max_tenure
  Raw Type:        string
  Raw Value:       "180 Months"
  Status:          OK
  Normalized:      180
  Note:            Legacy string parsing used

---
## STEP 5 — TENURE RESOLUTION
Duration: 0ms

Lender Max Tenure:    180 months
Age-Based Limit:      No restriction
Final Tenure Used:    180 months

[PARSER] parsePercentSafe for lap_roi_min
  Raw Type:        string
  Raw Value:       "8.25%"
  Status:          OK
  Normalized:      0.0825
  Note:            Legacy string parsing used

[PARSER] parsePercentSafe for lap_roi_max
  Raw Type:        string
  Raw Value:       "10%"
  Status:          OK
  Normalized:      0.1
  Note:            Legacy string parsing used

---
## STEP 6 — ROI RESOLUTION
Duration: 0ms

ROI Min:              8.25%
ROI Max:              10%
Underwriting ROI:     10% (roi_max preferred)

STEP 7 — ELIGIBLE EMI CAPACITY:

Formula:
(FOIR% × Income) − Obligations

Calculation:
(100.0% × ₹2,22,439.861) − ₹0

= ₹2,22,439.861

STEP 8 — FOIR-BASED LOAN ELIGIBILITY:

Formula:
Reverse EMI: EMI, ROI, Tenure → Loan Amount

Calculation:
EMI=₹2,22,439.861 | ROI=10% | Tenure=180m

= ₹2,06,99,684

[PARSER] parsePercentSafe for lap_ltv_res_vacant
  Raw Type:        string
  Raw Value:       "70%"
  Status:          OK
  Normalized:      0.7
  Note:            Legacy string parsing used

---
## STEP 9 — LTV EVALUATION
Duration: 0ms

Property Value:       ₹4,00,00,000
Property Type:        Residential — House / Flat
Occupancy:            Vacant
LTV Param Key:        lap_ltv_res_vacant
LTV %:                70%
LTV Eligible Loan:    ₹2,80,00,000

STEP 10 — FINAL ELIGIBILITY:

Formula:
MIN of valid candidates: [FOIR Eligibility, LTV Eligibility, Product Max Loan, Requested Loan, NWM Cap]

Calculation:
Candidates: [₹2,06,99,684, ₹2,80,00,000, No Product Cap, No Requested Cap]

= ₹2,06,99,684

FOIR ACTUAL:

Formula:
(Existing Obligations + Proposed EMI) / Eligible Monthly Income

Calculation:
(₹0 + ₹2,22,440) / ₹2,22,439.861

= 100.00%

[FAILURE: INELIGIBLE] Invalid lender configuration for lap_max_loan: Invalid numeric format: "greter then 1000000"

[FAILURE: INELIGIBLE] NWM_CUSTOMER_SELECTION_FAILED
